0 info it worked if it ends with ok
1 verbose cli [ '/usr/local/bin/node', '/usr/local/bin/npm', 'run', 'webpack' ]
2 info using npm@3.8.6
3 info using node@v6.1.0
4 verbose run-script [ 'prewebpack', 'webpack', 'postwebpack' ]
5 info lifecycle form_backbone@1.0.0~prewebpack: form_backbone@1.0.0
6 silly lifecycle form_backbone@1.0.0~prewebpack: no script for prewebpack, continuing
7 info lifecycle form_backbone@1.0.0~webpack: form_backbone@1.0.0
8 verbose lifecycle form_backbone@1.0.0~webpack: unsafe-perm in lifecycle true
9 verbose lifecycle form_backbone@1.0.0~webpack: PATH: /usr/local/lib/node_modules/npm/bin/node-gyp-bin:/Users/andreyzabara/Project/js/smartJs/module_5/44_lecture/node_modules/.bin:/usr/local/bin:/opt/local/bin:/opt/local/sbin:/usr/local/bin:/usr/bin:/bin:/usr/sbin:/sbin:/opt/X11/bin:/opt/local/lib/percona/bin:
10 verbose lifecycle form_backbone@1.0.0~webpack: CWD: /Users/andreyzabara/Project/js/smartJs/module_5/44_lecture
11 silly lifecycle form_backbone@1.0.0~webpack: Args: [ '-c', 'node ./webpack-dev-server' ]
12 silly lifecycle form_backbone@1.0.0~webpack: Returned: code: 1  signal: null
13 info lifecycle form_backbone@1.0.0~webpack: Failed to exec webpack script
14 verbose stack Error: form_backbone@1.0.0 webpack: `node ./webpack-dev-server`
14 verbose stack Exit status 1
14 verbose stack     at EventEmitter.<anonymous> (/usr/local/lib/node_modules/npm/lib/utils/lifecycle.js:239:16)
14 verbose stack     at emitTwo (events.js:106:13)
14 verbose stack     at EventEmitter.emit (events.js:191:7)
14 verbose stack     at ChildProcess.<anonymous> (/usr/local/lib/node_modules/npm/lib/utils/spawn.js:24:14)
14 verbose stack     at emitTwo (events.js:106:13)
14 verbose stack     at ChildProcess.emit (events.js:191:7)
14 verbose stack     at maybeClose (internal/child_process.js:850:16)
14 verbose stack     at Process.ChildProcess._handle.onexit (internal/child_process.js:215:5)
15 verbose pkgid form_backbone@1.0.0
16 verbose cwd /Users/andreyzabara/Project/js/smartJs/module_5/44_lecture
17 error Darwin 15.5.0
18 error argv "/usr/local/bin/node" "/usr/local/bin/npm" "run" "webpack"
19 error node v6.1.0
20 error npm  v3.8.6
21 error code ELIFECYCLE
22 error form_backbone@1.0.0 webpack: `node ./webpack-dev-server`
22 error Exit status 1
23 error Failed at the form_backbone@1.0.0 webpack script 'node ./webpack-dev-server'.
23 error Make sure you have the latest version of node.js and npm installed.
23 error If you do, this is most likely a problem with the form_backbone package,
23 error not with npm itself.
23 error Tell the author that this fails on your system:
23 error     node ./webpack-dev-server
23 error You can get information on how to open an issue for this project with:
23 error     npm bugs form_backbone
23 error Or if that isn't available, you can get their info via:
23 error     npm owner ls form_backbone
23 error There is likely additional logging output above.
24 verbose exit [ 1, true ]
